build/app/intermediates/manifest_merge_blame_file/debug/manifest-merger-blame-debug-report.txt
1<?xml version="1.0" encoding="utf-8"?>
2<manifest xmlns:android="http://schemas.android.com/apk/res/android"
3    package="com.example.app"
4    android:versionCode="1"
5    android:versionName="1.0.0" >
6
7    <uses-sdk
8        android:minSdkVersion="21"
9        android:targetSdkVersion="31" />
10    <!--
11         The INTERNET permission is required for development. Specifically,
12         the Flutter tool needs it to communicate with the running application
13         to allow setting breakpoints, to provide hot reload, etc.
14    -->
15    <uses-permission android:name="android.permission.INTERNET" />
15-->src\debug\AndroidManifest.xml:7:5-66
15-->src\debug\AndroidManifest.xml:7:22-64
16    <uses-permission android:name="android.permission.READ_EXTERNAL_STORAGE" />
16-->[:photo_manager] AndroidManifest.xml:9:5-80
16-->[:photo_manager] AndroidManifest.xml:9:22-77
17    <uses-permission android:name="android.permission.ACCESS_NETWORK_STATE" />
17-->[com.google.firebase:firebase-auth:21.0.7] AndroidManifest.xml:24:5-79
17-->[com.google.firebase:firebase-auth:21.0.7] AndroidManifest.xml:24:22-76
18
19    <queries>
19-->[com.razorpay:checkout:1.6.19] AndroidManifest.xml:11:5-37:15
20        <intent>
20-->[com.razorpay:checkout:1.6.19] AndroidManifest.xml:12:9-18:18
21            <action android:name="android.intent.action.VIEW" />
21-->[com.google.firebase:firebase-auth:21.0.7] AndroidManifest.xml:34:17-69
21-->[com.google.firebase:firebase-auth:21.0.7] AndroidManifest.xml:34:25-66
22
23            <data
23-->[com.google.firebase:firebase-auth:21.0.7] AndroidManifest.xml:39:17-42:51
24                android:mimeType="*/*"
25                android:scheme="*" />
25-->[com.google.firebase:firebase-auth:21.0.7] AndroidManifest.xml:42:21-48
26        </intent>
27        <intent>
27-->[com.razorpay:checkout:1.6.19] AndroidManifest.xml:19:9-28:18
28            <action android:name="android.intent.action.VIEW" />
28-->[com.google.firebase:firebase-auth:21.0.7] AndroidManifest.xml:34:17-69
28-->[com.google.firebase:firebase-auth:21.0.7] AndroidManifest.xml:34:25-66
29
30            <category android:name="android.intent.category.BROWSABLE" />
30-->[com.google.firebase:firebase-auth:21.0.7] AndroidManifest.xml:37:17-78
30-->[com.google.firebase:firebase-auth:21.0.7] AndroidManifest.xml:37:27-75
31
32            <data
32-->[com.google.firebase:firebase-auth:21.0.7] AndroidManifest.xml:39:17-42:51
33                android:host="pay"
33-->[com.google.firebase:firebase-auth:21.0.7] AndroidManifest.xml:40:21-49
34                android:mimeType="*/*"
35                android:scheme="upi" />
35-->[com.google.firebase:firebase-auth:21.0.7] AndroidManifest.xml:42:21-48
36        </intent>
37        <intent>
37-->[com.razorpay:checkout:1.6.19] AndroidManifest.xml:29:9-31:18
38            <action android:name="android.intent.action.MAIN" />
38-->[com.razorpay:checkout:1.6.19] AndroidManifest.xml:30:13-65
38-->[com.razorpay:checkout:1.6.19] AndroidManifest.xml:30:21-62
39        </intent>
40        <intent>
40-->[com.razorpay:checkout:1.6.19] AndroidManifest.xml:32:9-36:18
41            <action android:name="android.intent.action.SEND" />
41-->[com.razorpay:checkout:1.6.19] AndroidManifest.xml:33:13-65
41-->[com.razorpay:checkout:1.6.19] AndroidManifest.xml:33:21-62
42
43            <data android:mimeType="*/*" />
43-->[com.google.firebase:firebase-auth:21.0.7] AndroidManifest.xml:39:17-42:51
44        </intent>
45    </queries>
46
47    <uses-feature
47-->[com.google.android.gms:play-services-maps:17.0.0] AndroidManifest.xml:26:5-28:35
48        android:glEsVersion="0x00020000"
48-->[com.google.android.gms:play-services-maps:17.0.0] AndroidManifest.xml:27:9-41
49        android:required="true" />
49-->[com.google.android.gms:play-services-maps:17.0.0] AndroidManifest.xml:28:9-32
50
51    <application
52        android:name="android.app.Application"
53        android:appComponentFactory="androidx.core.app.CoreComponentFactory"
53-->[androidx.core:core:1.8.0] AndroidManifest.xml:24:18-86
54        android:debuggable="true"
55        android:icon="@mipmap/ic_launcher"
56        android:label="app" >
57        <activity
58            android:name="com.example.app.MainActivity"
59            android:configChanges="orientation|keyboardHidden|keyboard|screenSize|smallestScreenSize|locale|layoutDirection|fontScale|screenLayout|density|uiMode"
60            android:exported="true"
61            android:hardwareAccelerated="true"
62            android:launchMode="singleTop"
63            android:theme="@style/LaunchTheme"
64            android:windowSoftInputMode="adjustResize" >
65
66            <!--
67                 Specifies an Android theme to apply to this Activity as soon as
68                 the Android process has started. This theme is visible to the user
69                 while the Flutter UI initializes. After that, this theme continues
70                 to determine the Window background behind the Flutter UI.
71            -->
72            <meta-data
73                android:name="io.flutter.embedding.android.NormalTheme"
74                android:resource="@style/NormalTheme" />
75
76            <intent-filter>
77                <action android:name="android.intent.action.MAIN" />
77-->[com.razorpay:checkout:1.6.19] AndroidManifest.xml:30:13-65
77-->[com.razorpay:checkout:1.6.19] AndroidManifest.xml:30:21-62
78
79                <category android:name="android.intent.category.LAUNCHER" />
80            </intent-filter>
81        </activity>
82        <!--
83             Don't delete the meta-data below.
84             This is used by the Flutter tool to generate GeneratedPluginRegistrant.java
85        -->
86        <meta-data
87            android:name="flutterEmbedding"
88            android:value="2" />
89
90        <service
90-->[:firebase_database] AndroidManifest.xml:10:9-14:19
91            android:name="com.google.firebase.components.ComponentDiscoveryService"
91-->[:firebase_database] AndroidManifest.xml:10:18-89
92            android:directBootAware="true"
92-->[com.google.firebase:firebase-common:20.1.1] AndroidManifest.xml:35:13-43
93            android:exported="false" >
93-->[com.google.firebase:firebase-auth:21.0.7] AndroidManifest.xml:66:13-37
94            <meta-data
94-->[:firebase_database] AndroidManifest.xml:11:13-13:85
95                android:name="com.google.firebase.components:io.flutter.plugins.firebase.database.FlutterFirebaseAppRegistrar"
95-->[:firebase_database] AndroidManifest.xml:12:17-127
96                android:value="com.google.firebase.components.ComponentRegistrar" />
96-->[:firebase_database] AndroidManifest.xml:13:17-82
97            <meta-data
97-->[:cloud_firestore] AndroidManifest.xml:11:13-13:85
98                android:name="com.google.firebase.components:io.flutter.plugins.firebase.firestore.FlutterFirebaseFirestoreRegistrar"
98-->[:cloud_firestore] AndroidManifest.xml:12:17-134
99                android:value="com.google.firebase.components.ComponentRegistrar" />
99-->[:cloud_firestore] AndroidManifest.xml:13:17-82
100            <meta-data
100-->[:firebase_auth] AndroidManifest.xml:11:13-13:85
101                android:name="com.google.firebase.components:io.flutter.plugins.firebase.auth.FlutterFirebaseAuthRegistrar"
101-->[:firebase_auth] AndroidManifest.xml:12:17-124
102                android:value="com.google.firebase.components.ComponentRegistrar" />
102-->[:firebase_auth] AndroidManifest.xml:13:17-82
103            <meta-data
103-->[:firebase_core] AndroidManifest.xml:11:13-13:85
104                android:name="com.google.firebase.components:io.flutter.plugins.firebase.core.FlutterFirebaseCoreRegistrar"
104-->[:firebase_core] AndroidManifest.xml:12:17-124
105                android:value="com.google.firebase.components.ComponentRegistrar" />
105-->[:firebase_core] AndroidManifest.xml:13:17-82
106            <meta-data
106-->[com.google.firebase:firebase-auth:21.0.7] AndroidManifest.xml:67:13-69:85
107                android:name="com.google.firebase.components:com.google.firebase.auth.FirebaseAuthRegistrar"
107-->[com.google.firebase:firebase-auth:21.0.7] AndroidManifest.xml:68:17-109
108                android:value="com.google.firebase.components.ComponentRegistrar" />
108-->[com.google.firebase:firebase-auth:21.0.7] AndroidManifest.xml:69:17-82
109            <meta-data
109-->[com.google.firebase:firebase-firestore:24.2.2] AndroidManifest.xml:20:13-22:85
110                android:name="com.google.firebase.components:com.google.firebase.firestore.FirestoreRegistrar"
110-->[com.google.firebase:firebase-firestore:24.2.2] AndroidManifest.xml:21:17-111
111                android:value="com.google.firebase.components.ComponentRegistrar" />
111-->[com.google.firebase:firebase-firestore:24.2.2] AndroidManifest.xml:22:17-82
112            <meta-data
112-->[com.google.firebase:firebase-database:20.0.5] AndroidManifest.xml:32:13-34:85
113                android:name="com.google.firebase.components:com.google.firebase.database.DatabaseRegistrar"
113-->[com.google.firebase:firebase-database:20.0.5] AndroidManifest.xml:33:17-109
114                android:value="com.google.firebase.components.ComponentRegistrar" />
114-->[com.google.firebase:firebase-database:20.0.5] AndroidManifest.xml:34:17-82
115        </service>
116
117        <provider
117-->[:image_picker_android] AndroidManifest.xml:10:9-18:20
118            android:name="io.flutter.plugins.imagepicker.ImagePickerFileProvider"
118-->[:image_picker_android] AndroidManifest.xml:11:13-82
119            android:authorities="com.example.app.flutter.image_provider"
119-->[:image_picker_android] AndroidManifest.xml:12:13-74
120            android:exported="false"
120-->[:image_picker_android] AndroidManifest.xml:13:13-37
121            android:grantUriPermissions="true" >
121-->[:image_picker_android] AndroidManifest.xml:14:13-47
122            <meta-data
122-->[:image_picker_android] AndroidManifest.xml:15:13-17:75
123                android:name="android.support.FILE_PROVIDER_PATHS"
123-->[:image_picker_android] AndroidManifest.xml:16:17-67
124                android:resource="@xml/flutter_image_picker_file_paths" />
124-->[:image_picker_android] AndroidManifest.xml:17:17-72
125        </provider>
126
127        <uses-library
127-->[androidx.window:window:1.0.0-beta04] AndroidManifest.xml:25:9-27:40
128            android:name="androidx.window.extensions"
128-->[androidx.window:window:1.0.0-beta04] AndroidManifest.xml:26:13-54
129            android:required="false" />
129-->[androidx.window:window:1.0.0-beta04] AndroidManifest.xml:27:13-37
130        <uses-library
130-->[androidx.window:window:1.0.0-beta04] AndroidManifest.xml:28:9-30:40
131            android:name="androidx.window.sidecar"
131-->[androidx.window:window:1.0.0-beta04] AndroidManifest.xml:29:13-51
132            android:required="false" />
132-->[androidx.window:window:1.0.0-beta04] AndroidManifest.xml:30:13-37
133
134        <activity
134-->[com.google.firebase:firebase-auth:21.0.7] AndroidManifest.xml:27:9-44:20
135            android:name="com.google.firebase.auth.internal.GenericIdpActivity"
135-->[com.google.firebase:firebase-auth:21.0.7] AndroidManifest.xml:28:13-80
136            android:excludeFromRecents="true"
136-->[com.google.firebase:firebase-auth:21.0.7] AndroidManifest.xml:29:13-46
137            android:exported="true"
137-->[com.google.firebase:firebase-auth:21.0.7] AndroidManifest.xml:30:13-36
138            android:launchMode="singleTask"
138-->[com.google.firebase:firebase-auth:21.0.7] AndroidManifest.xml:31:13-44
139            android:theme="@android:style/Theme.Translucent.NoTitleBar" >
139-->[com.google.firebase:firebase-auth:21.0.7] AndroidManifest.xml:32:13-72
140            <intent-filter>
140-->[com.google.firebase:firebase-auth:21.0.7] AndroidManifest.xml:33:13-43:29
141                <action android:name="android.intent.action.VIEW" />
141-->[com.google.firebase:firebase-auth:21.0.7] AndroidManifest.xml:34:17-69
141-->[com.google.firebase:firebase-auth:21.0.7] AndroidManifest.xml:34:25-66
142
143                <category android:name="android.intent.category.DEFAULT" />
143-->[com.google.firebase:firebase-auth:21.0.7] AndroidManifest.xml:36:17-76
143-->[com.google.firebase:firebase-auth:21.0.7] AndroidManifest.xml:36:27-73
144                <category android:name="android.intent.category.BROWSABLE" />
144-->[com.google.firebase:firebase-auth:21.0.7] AndroidManifest.xml:37:17-78
144-->[com.google.firebase:firebase-auth:21.0.7] AndroidManifest.xml:37:27-75
145
146                <data
146-->[com.google.firebase:firebase-auth:21.0.7] AndroidManifest.xml:39:17-42:51
147                    android:host="firebase.auth"
147-->[com.google.firebase:firebase-auth:21.0.7] AndroidManifest.xml:40:21-49
148                    android:path="/"
148-->[com.google.firebase:firebase-auth:21.0.7] AndroidManifest.xml:41:21-37
149                    android:scheme="genericidp" />
149-->[com.google.firebase:firebase-auth:21.0.7] AndroidManifest.xml:42:21-48
150            </intent-filter>
151        </activity>
152        <activity
152-->[com.google.firebase:firebase-auth:21.0.7] AndroidManifest.xml:45:9-62:20
153            android:name="com.google.firebase.auth.internal.RecaptchaActivity"
153-->[com.google.firebase:firebase-auth:21.0.7] AndroidManifest.xml:46:13-79
154            android:excludeFromRecents="true"
154-->[com.google.firebase:firebase-auth:21.0.7] AndroidManifest.xml:47:13-46
155            android:exported="true"
155-->[com.google.firebase:firebase-auth:21.0.7] AndroidManifest.xml:48:13-36
156            android:launchMode="singleTask"
156-->[com.google.firebase:firebase-auth:21.0.7] AndroidManifest.xml:49:13-44
157            android:theme="@android:style/Theme.Translucent.NoTitleBar" >
157-->[com.google.firebase:firebase-auth:21.0.7] AndroidManifest.xml:50:13-72
158            <intent-filter>
158-->[com.google.firebase:firebase-auth:21.0.7] AndroidManifest.xml:51:13-61:29
159                <action android:name="android.intent.action.VIEW" />
159-->[com.google.firebase:firebase-auth:21.0.7] AndroidManifest.xml:34:17-69
159-->[com.google.firebase:firebase-auth:21.0.7] AndroidManifest.xml:34:25-66
160
161                <category android:name="android.intent.category.DEFAULT" />
161-->[com.google.firebase:firebase-auth:21.0.7] AndroidManifest.xml:36:17-76
161-->[com.google.firebase:firebase-auth:21.0.7] AndroidManifest.xml:36:27-73
162                <category android:name="android.intent.category.BROWSABLE" />
162-->[com.google.firebase:firebase-auth:21.0.7] AndroidManifest.xml:37:17-78
162-->[com.google.firebase:firebase-auth:21.0.7] AndroidManifest.xml:37:27-75
163
164                <data
164-->[com.google.firebase:firebase-auth:21.0.7] AndroidManifest.xml:39:17-42:51
165                    android:host="firebase.auth"
165-->[com.google.firebase:firebase-auth:21.0.7] AndroidManifest.xml:40:21-49
166                    android:path="/"
166-->[com.google.firebase:firebase-auth:21.0.7] AndroidManifest.xml:41:21-37
167                    android:scheme="recaptcha" />
167-->[com.google.firebase:firebase-auth:21.0.7] AndroidManifest.xml:42:21-48
168            </intent-filter>
169        </activity>
170
171        <provider
171-->[com.google.firebase:firebase-common:20.1.1] AndroidManifest.xml:26:9-31:39
172            android:name="com.google.firebase.provider.FirebaseInitProvider"
172-->[com.google.firebase:firebase-common:20.1.1] AndroidManifest.xml:27:13-77
173            android:authorities="com.example.app.firebaseinitprovider"
173-->[com.google.firebase:firebase-common:20.1.1] AndroidManifest.xml:28:13-72
174            android:directBootAware="true"
174-->[com.google.firebase:firebase-common:20.1.1] AndroidManifest.xml:29:13-43
175            android:exported="false"
175-->[com.google.firebase:firebase-common:20.1.1] AndroidManifest.xml:30:13-37
176            android:initOrder="100" />
176-->[com.google.firebase:firebase-common:20.1.1] AndroidManifest.xml:31:13-36
177
178        <receiver
178-->[com.razorpay:checkout:1.6.19] AndroidManifest.xml:40:9-46:20
179            android:name="com.razorpay.RzpTokenReceiver"
179-->[com.razorpay:checkout:1.6.19] AndroidManifest.xml:41:13-57
180            android:exported="false" >
180-->[com.razorpay:checkout:1.6.19] AndroidManifest.xml:42:13-37
181            <intent-filter>
181-->[com.razorpay:checkout:1.6.19] AndroidManifest.xml:43:13-45:29
182                <action android:name="rzp.device_token.share" />
182-->[com.razorpay:checkout:1.6.19] AndroidManifest.xml:44:17-65
182-->[com.razorpay:checkout:1.6.19] AndroidManifest.xml:44:25-62
183            </intent-filter>
184        </receiver>
185
186        <activity
186-->[com.razorpay:checkout:1.6.19] AndroidManifest.xml:48:9-60:20
187            android:name="com.razorpay.CheckoutActivity"
187-->[com.razorpay:checkout:1.6.19] AndroidManifest.xml:49:13-57
188            android:configChanges="keyboard|keyboardHidden|orientation|screenSize"
188-->[com.razorpay:checkout:1.6.19] AndroidManifest.xml:50:13-83
189            android:exported="true"
189-->[com.razorpay:checkout:1.6.19] AndroidManifest.xml:51:13-36
190            android:theme="@style/CheckoutTheme" >
190-->[com.razorpay:checkout:1.6.19] AndroidManifest.xml:52:13-49
191            <intent-filter>
191-->[com.razorpay:checkout:1.6.19] AndroidManifest.xml:53:13-59:29
192                <action android:name="android.intent.action.MAIN" />
192-->[com.razorpay:checkout:1.6.19] AndroidManifest.xml:30:13-65
192-->[com.razorpay:checkout:1.6.19] AndroidManifest.xml:30:21-62
193
194                <data
194-->[com.google.firebase:firebase-auth:21.0.7] AndroidManifest.xml:39:17-42:51
195                    android:host="rzp.io"
195-->[com.google.firebase:firebase-auth:21.0.7] AndroidManifest.xml:40:21-49
196                    android:scheme="io.rzp" />
196-->[com.google.firebase:firebase-auth:21.0.7] AndroidManifest.xml:42:21-48
197            </intent-filter>
198        </activity>
199
200        <meta-data
200-->[com.razorpay:checkout:1.6.19] AndroidManifest.xml:62:9-64:58
201            android:name="com.razorpay.plugin.googlepay_all"
201-->[com.razorpay:checkout:1.6.19] AndroidManifest.xml:63:13-61
202            android:value="com.razorpay.RzpGpayMerged" />
202-->[com.razorpay:checkout:1.6.19] AndroidManifest.xml:64:13-55
203
204        <activity
204-->[com.google.android.gms:play-services-auth:17.0.0] AndroidManifest.xml:23:9-27:75
205            android:name="com.google.android.gms.auth.api.signin.internal.SignInHubActivity"
205-->[com.google.android.gms:play-services-auth:17.0.0] AndroidManifest.xml:24:13-93
206            android:excludeFromRecents="true"
206-->[com.google.android.gms:play-services-auth:17.0.0] AndroidManifest.xml:25:13-46
207            android:exported="false"
207-->[com.google.android.gms:play-services-auth:17.0.0] AndroidManifest.xml:26:13-37
208            android:theme="@android:style/Theme.Translucent.NoTitleBar" />
208-->[com.google.android.gms:play-services-auth:17.0.0] AndroidManifest.xml:27:13-72
209        <!--
210            Service handling Google Sign-In user revocation. For apps that do not integrate with
211            Google Sign-In, this service will never be started.
212        -->
213        <service
213-->[com.google.android.gms:play-services-auth:17.0.0] AndroidManifest.xml:33:9-36:110
214            android:name="com.google.android.gms.auth.api.signin.RevocationBoundService"
214-->[com.google.android.gms:play-services-auth:17.0.0] AndroidManifest.xml:34:13-89
215            android:exported="true"
215-->[com.google.android.gms:play-services-auth:17.0.0] AndroidManifest.xml:35:13-36
216            android:permission="com.google.android.gms.auth.api.signin.permission.REVOCATION_NOTIFICATION" /> <!-- Needs to be explicitly declared on P+ -->
216-->[com.google.android.gms:play-services-auth:17.0.0] AndroidManifest.xml:36:13-107
217        <uses-library
217-->[com.google.android.gms:play-services-maps:17.0.0] AndroidManifest.xml:33:9-35:40
218            android:name="org.apache.http.legacy"
218-->[com.google.android.gms:play-services-maps:17.0.0] AndroidManifest.xml:34:13-50
219            android:required="false" />
219-->[com.google.android.gms:play-services-maps:17.0.0] AndroidManifest.xml:35:13-37
220
221        <activity
221-->[com.google.android.gms:play-services-base:18.0.1] AndroidManifest.xml:20:9-22:45
222            android:name="com.google.android.gms.common.api.GoogleApiActivity"
222-->[com.google.android.gms:play-services-base:18.0.1] AndroidManifest.xml:20:19-85
223            android:exported="false"
223-->[com.google.android.gms:play-services-base:18.0.1] AndroidManifest.xml:22:19-43
224            android:theme="@android:style/Theme.Translucent.NoTitleBar" />
224-->[com.google.android.gms:play-services-base:18.0.1] AndroidManifest.xml:21:19-78
225
226        <meta-data
226-->[com.google.android.gms:play-services-basement:18.0.0] AndroidManifest.xml:21:9-23:69
227            android:name="com.google.android.gms.version"
227-->[com.google.android.gms:play-services-basement:18.0.0] AndroidManifest.xml:22:13-58
228            android:value="@integer/google_play_services_version" />
228-->[com.google.android.gms:play-services-basement:18.0.0] AndroidManifest.xml:23:13-66
229    </application>
230
231</manifest>